<?xml version="1.0" encoding="UTF-8"?>
<!-- Generated by org.testng.reporters.JUnitReportReporter -->
<testsuite hostname="AYHAN" failures="0" tests="2" name="com.simplelearn.MovieCatalogId.MovieCatalogTestsTest" time="6.121" errors="0" timestamp="2024-08-28T12:41:42 EEST" skipped="0">
  <testcase classname="com.simplelearn.MovieCatalogId.MovieCatalogTestsTest" name="AddMovieTestTest" time="3.636"/>
  <testcase classname="com.simplelearn.MovieCatalogId.MovieCatalogTestsTest" name="EditMovieTestTest" time="2.485"/>
</testsuite> <!-- com.simplelearn.MovieCatalogId.MovieCatalogTestsTest -->
